<?xml version="1.0" encoding="UTF-8"?>
<!-- Generated by org.testng.reporters.JUnitXMLReporter -->
<testsuite ignored="0" hostname="Moes-MacBook-Pro.local" failures="0" tests="9" name="Default test" time="24.407" errors="0" timestamp="2022-02-17T17:28:53 EET">
  <testcase classname="vodafonetask.selectblouses" name="blousesubcategory" time="2.946"/>
  <testcase classname="vodafonetask.selectblouses" name="add2cart" time="1.702"/>
  <testcase classname="vodafonetask.selectblouses" name="checkoutprocrss" time="4.632"/>
  <testcase classname="vodafonetask.selectblouses" name="signinfromcart" time="3.347"/>
  <testcase classname="vodafonetask.selectblouses" name="processaddressfunction" time="3.119"/>
  <testcase classname="vodafonetask.selectblouses" name="processonshipping" time="2.4"/>
  <testcase classname="vodafonetask.selectblouses" name="processbybankwire" time="1.378"/>
  <testcase classname="vodafonetask.selectblouses" name="confirmmyorder" time="3.235"/>
  <testcase classname="vodafonetask.selectblouses" name="validateorder" time="1.578"/>
</testsuite> <!-- Default test -->
